<?xml version="1.0" encoding="UTF-8"?>
<testsuite xmlns:xsi="http://www.w3.org/2001/XMLSchema-instance" xsi:noNamespaceSchemaLocation="https://maven.apache.org/surefire/maven-surefire-plugin/xsd/surefire-test-report.xsd" name="com.lovepoem.test2.WorldHahaTest" time="0.008" tests="3" errors="0" skipped="0" failures="0">
  <properties>
    <property name="gopherProxySet" value="false"/>
    <property name="awt.toolkit" value="sun.lwawt.macosx.LWCToolkit"/>
    <property name="file.encoding.pkg" value="sun.io"/>
    <property name="java.specification.version" value="1.8"/>
    <property name="sun.cpu.isalist" value=""/>
    <property name="sun.jnu.encoding" value="UTF-8"/>
    <property name="java.class.path" value="/Users/lorenyeung/harness-yaml-templates/ci/maven/codecov-travis-maven-junit5-example/codecov-test2/target/test-classes:/Users/lorenyeung/harness-yaml-templates/ci/maven/codecov-travis-maven-junit5-example/codecov-test2/target/classes:/Users/lorenyeung/.m2/repository/org/junit/jupiter/junit-jupiter-engine/5.3.2/junit-jupiter-engine-5.3.2.jar:/Users/lorenyeung/.m2/repository/org/apiguardian/apiguardian-api/1.0.0/apiguardian-api-1.0.0.jar:/Users/lorenyeung/.m2/repository/org/junit/platform/junit-platform-engine/1.3.2/junit-platform-engine-1.3.2.jar:/Users/lorenyeung/.m2/repository/org/junit/platform/junit-platform-commons/1.3.2/junit-platform-commons-1.3.2.jar:/Users/lorenyeung/.m2/repository/org/opentest4j/opentest4j/1.1.1/opentest4j-1.1.1.jar:/Users/lorenyeung/.m2/repository/org/junit/jupiter/junit-jupiter-api/5.3.2/junit-jupiter-api-5.3.2.jar:/Users/lorenyeung/.m2/repository/org/junit/jupiter/junit-jupiter-params/5.3.2/junit-jupiter-params-5.3.2.jar:/Users/lorenyeung/.m2/repository/org/apache/struts/struts2-core/2.1.6/struts2-core-2.1.6.jar:/Users/lorenyeung/.m2/repository/com/opensymphony/xwork/2.1.2/xwork-2.1.2.jar:/Users/lorenyeung/.m2/repository/org/springframework/spring-test/2.5.6/spring-test-2.5.6.jar:/Users/lorenyeung/.m2/repository/commons-logging/commons-logging/1.1.1/commons-logging-1.1.1.jar:/Users/lorenyeung/.m2/repository/junit/junit/3.8.1/junit-3.8.1.jar:/Users/lorenyeung/.m2/repository/org/freemarker/freemarker/2.3.13/freemarker-2.3.13.jar:/Users/lorenyeung/.m2/repository/opensymphony/ognl/2.6.11/ognl-2.6.11.jar:/Users/lorenyeung/.m2/repository/commons-fileupload/commons-fileupload/1.2.1/commons-fileupload-1.2.1.jar:/Users/lorenyeung/.m2/repository/commons-io/commons-io/1.3.2/commons-io-1.3.2.jar:/Users/lorenyeung/.m2/repository/org/apache/logging/log4j/log4j-core/2.17.0/log4j-core-2.17.0.jar:/Users/lorenyeung/.m2/repository/org/apache/logging/log4j/log4j-api/2.17.0/log4j-api-2.17.0.jar:"/>
    <property name="java.vm.vendor" value="Azul Systems, Inc."/>
    <property name="sun.arch.data.model" value="64"/>
    <property name="java.vendor.url" value="http://www.azul.com/"/>
    <property name="user.timezone" value=""/>
    <property name="java.vm.specification.version" value="1.8"/>
    <property name="os.name" value="Mac OS X"/>
    <property name="user.country" value="US"/>
    <property name="sun.java.launcher" value="SUN_STANDARD"/>
    <property name="sun.boot.library.path" value="/Library/Java/JavaVirtualMachines/zulu-8.jdk/Contents/Home/jre/lib"/>
    <property name="sun.java.command" value="/Users/lorenyeung/harness-yaml-templates/ci/maven/codecov-travis-maven-junit5-example/codecov-test2/target/surefire/surefirebooter929752341012128231.jar /Users/lorenyeung/harness-yaml-templates/ci/maven/codecov-travis-maven-junit5-example/codecov-test2/target/surefire 2024-05-14T09-47-00_000-jvmRun1 surefire5634823765915789713tmp surefire_05743098452239311976tmp"/>
    <property name="surefire.test.class.path" value="/Users/lorenyeung/harness-yaml-templates/ci/maven/codecov-travis-maven-junit5-example/codecov-test2/target/test-classes:/Users/lorenyeung/harness-yaml-templates/ci/maven/codecov-travis-maven-junit5-example/codecov-test2/target/classes:/Users/lorenyeung/.m2/repository/org/junit/jupiter/junit-jupiter-engine/5.3.2/junit-jupiter-engine-5.3.2.jar:/Users/lorenyeung/.m2/repository/org/apiguardian/apiguardian-api/1.0.0/apiguardian-api-1.0.0.jar:/Users/lorenyeung/.m2/repository/org/junit/platform/junit-platform-engine/1.3.2/junit-platform-engine-1.3.2.jar:/Users/lorenyeung/.m2/repository/org/junit/platform/junit-platform-commons/1.3.2/junit-platform-commons-1.3.2.jar:/Users/lorenyeung/.m2/repository/org/opentest4j/opentest4j/1.1.1/opentest4j-1.1.1.jar:/Users/lorenyeung/.m2/repository/org/junit/jupiter/junit-jupiter-api/5.3.2/junit-jupiter-api-5.3.2.jar:/Users/lorenyeung/.m2/repository/org/junit/jupiter/junit-jupiter-params/5.3.2/junit-jupiter-params-5.3.2.jar:/Users/lorenyeung/.m2/repository/org/apache/struts/struts2-core/2.1.6/struts2-core-2.1.6.jar:/Users/lorenyeung/.m2/repository/com/opensymphony/xwork/2.1.2/xwork-2.1.2.jar:/Users/lorenyeung/.m2/repository/org/springframework/spring-test/2.5.6/spring-test-2.5.6.jar:/Users/lorenyeung/.m2/repository/commons-logging/commons-logging/1.1.1/commons-logging-1.1.1.jar:/Users/lorenyeung/.m2/repository/junit/junit/3.8.1/junit-3.8.1.jar:/Users/lorenyeung/.m2/repository/org/freemarker/freemarker/2.3.13/freemarker-2.3.13.jar:/Users/lorenyeung/.m2/repository/opensymphony/ognl/2.6.11/ognl-2.6.11.jar:/Users/lorenyeung/.m2/repository/commons-fileupload/commons-fileupload/1.2.1/commons-fileupload-1.2.1.jar:/Users/lorenyeung/.m2/repository/commons-io/commons-io/1.3.2/commons-io-1.3.2.jar:/Users/lorenyeung/.m2/repository/org/apache/logging/log4j/log4j-core/2.17.0/log4j-core-2.17.0.jar:/Users/lorenyeung/.m2/repository/org/apache/logging/log4j/log4j-api/2.17.0/log4j-api-2.17.0.jar:"/>
    <property name="sun.cpu.endian" value="little"/>
    <property name="user.home" value="/Users/lorenyeung"/>
    <property name="user.language" value="en"/>
    <property name="java.specification.vendor" value="Oracle Corporation"/>
    <property name="java.home" value="/Library/Java/JavaVirtualMachines/zulu-8.jdk/Contents/Home/jre"/>
    <property name="basedir" value="/Users/lorenyeung/harness-yaml-templates/ci/maven/codecov-travis-maven-junit5-example/codecov-test2"/>
    <property name="file.separator" value="/"/>
    <property name="line.separator" value="&#10;"/>
    <property name="jdk.vendor.version" value="Zulu 8.70.0.23-CA-macos-aarch64"/>
    <property name="java.vm.specification.vendor" value="Oracle Corporation"/>
    <property name="java.specification.name" value="Java Platform API Specification"/>
    <property name="java.awt.graphicsenv" value="sun.awt.CGraphicsEnvironment"/>
    <property name="surefire.real.class.path" value="/Users/lorenyeung/harness-yaml-templates/ci/maven/codecov-travis-maven-junit5-example/codecov-test2/target/surefire/surefirebooter929752341012128231.jar:/Users/lorenyeung/.m2/repository/org/jacoco/org.jacoco.agent/0.8.3/org.jacoco.agent-0.8.3-runtime.jar"/>
    <property name="sun.boot.class.path" value="/Library/Java/JavaVirtualMachines/zulu-8.jdk/Contents/Home/jre/lib/resources.jar:/Library/Java/JavaVirtualMachines/zulu-8.jdk/Contents/Home/jre/lib/rt.jar:/Library/Java/JavaVirtualMachines/zulu-8.jdk/Contents/Home/jre/lib/sunrsasign.jar:/Library/Java/JavaVirtualMachines/zulu-8.jdk/Contents/Home/jre/lib/jsse.jar:/Library/Java/JavaVirtualMachines/zulu-8.jdk/Contents/Home/jre/lib/jce.jar:/Library/Java/JavaVirtualMachines/zulu-8.jdk/Contents/Home/jre/lib/charsets.jar:/Library/Java/JavaVirtualMachines/zulu-8.jdk/Contents/Home/jre/lib/jfr.jar:/Library/Java/JavaVirtualMachines/zulu-8.jdk/Contents/Home/jre/lib/cat.jar:/Library/Java/JavaVirtualMachines/zulu-8.jdk/Contents/Home/jre/classes"/>
    <property name="sun.management.compiler" value="HotSpot 64-Bit Tiered Compilers"/>
    <property name="java.runtime.version" value="1.8.0_372-b07"/>
    <property name="user.name" value="lorenyeung"/>
    <property name="path.separator" value=":"/>
    <property name="os.version" value="14.4.1"/>
    <property name="java.endorsed.dirs" value="/Library/Java/JavaVirtualMachines/zulu-8.jdk/Contents/Home/jre/lib/endorsed"/>
    <property name="java.runtime.name" value="OpenJDK Runtime Environment"/>
    <property name="file.encoding" value="UTF-8"/>
    <property name="java.vm.name" value="OpenJDK 64-Bit Server VM"/>
    <property name="localRepository" value="/Users/lorenyeung/.m2/repository"/>
    <property name="java.vendor.url.bug" value="http://www.azul.com/support/"/>
    <property name="java.io.tmpdir" value="/var/folders/xn/jc1q7j6j7555znkf6hl4qb6m0000gp/T/"/>
    <property name="java.version" value="1.8.0_372"/>
    <property name="user.dir" value="/Users/lorenyeung/harness-yaml-templates/ci/maven/codecov-travis-maven-junit5-example/codecov-test2"/>
    <property name="os.arch" value="aarch64"/>
    <property name="java.vm.specification.name" value="Java Virtual Machine Specification"/>
    <property name="java.awt.printerjob" value="sun.lwawt.macosx.CPrinterJob"/>
    <property name="sun.os.patch.level" value="unknown"/>
    <property name="java.library.path" value="/Users/lorenyeung/Library/Java/Extensions:/Library/Java/Extensions:/Network/Library/Java/Extensions:/System/Library/Java/Extensions:/usr/lib/java:."/>
    <property name="java.vm.info" value="mixed mode"/>
    <property name="java.vendor" value="Azul Systems, Inc."/>
    <property name="java.vm.version" value="25.372-b07"/>
    <property name="java.specification.maintenance.version" value="4"/>
    <property name="java.ext.dirs" value="/Users/lorenyeung/Library/Java/Extensions:/Library/Java/JavaVirtualMachines/zulu-8.jdk/Contents/Home/jre/lib/ext:/Library/Java/Extensions:/Network/Library/Java/Extensions:/System/Library/Java/Extensions:/usr/lib/java"/>
    <property name="sun.io.unicode.encoding" value="UnicodeBig"/>
    <property name="java.class.version" value="52.0"/>
  </properties>
  <testcase name="testFail" classname="com.lovepoem.test2.WorldHahaTest" time="0.004"/>
  <testcase name="testGetMessage2" classname="com.lovepoem.test2.WorldHahaTest" time="0"/>
  <testcase name="testGetMessage" classname="com.lovepoem.test2.WorldHahaTest" time="0"/>
</testsuite>